{
"contracts/Voting.sol":{"l":{"41":46,"42":40,"50":1,"54":1,"61":28,"62":26,"64":24,"65":24,"72":19,"73":17,"76":15,"77":15,"78":15,"79":15,"85":19,"86":17,"87":15,"89":13,"90":13,"91":13,"93":13,"100":10,"101":10,"102":10,"106":6,"107":6,"108":6,"112":6,"113":6,"114":6,"118":3,"119":3,"120":3,"125":4,"126":2,"127":2,"128":6,"129":0,"132":2,"134":2,"135":2},"path":"/home/vic/Web3/Developpeur-Ethereum-Template/4. Truffle & CI-CD/Projet/contracts/Voting.sol","s":{"1":46,"2":1,"3":1,"4":28,"5":26,"6":24,"7":24,"8":19,"9":17,"10":15,"11":15,"12":15,"13":15,"14":19,"15":17,"16":15,"17":13,"18":13,"19":13,"20":10,"21":10,"22":10,"23":6,"24":6,"25":6,"26":6,"27":6,"28":6,"29":3,"30":3,"31":3,"32":4,"33":2,"34":2,"35":6,"36":0,"37":2,"38":2,"39":2},"b":{"1":[40,6],"2":[26,2],"3":[24,2],"4":[17,2],"5":[15,2],"6":[17,2],"7":[15,2],"8":[13,2],"9":[10,0],"10":[6,0],"11":[6,0],"12":[3,0],"13":[2,2],"14":[0,6]},"f":{"1":46,"2":1,"3":1,"4":28,"5":19,"6":19,"7":10,"8":6,"9":6,"10":3,"11":4},"fnMap":{"1":{"name":"onlyVoters","line":40,"loc":{"start":{"line":40,"column":4},"end":{"line":43,"column":4}}},"2":{"name":"getVoter","line":49,"loc":{"start":{"line":49,"column":4},"end":{"line":51,"column":4}}},"3":{"name":"getOneProposal","line":53,"loc":{"start":{"line":53,"column":4},"end":{"line":55,"column":4}}},"4":{"name":"addVoter","line":60,"loc":{"start":{"line":60,"column":4},"end":{"line":66,"column":4}}},"5":{"name":"addProposal","line":71,"loc":{"start":{"line":71,"column":4},"end":{"line":80,"column":4}}},"6":{"name":"setVote","line":84,"loc":{"start":{"line":84,"column":4},"end":{"line":94,"column":4}}},"7":{"name":"startProposalsRegistering","line":99,"loc":{"start":{"line":99,"column":4},"end":{"line":103,"column":4}}},"8":{"name":"endProposalsRegistering","line":105,"loc":{"start":{"line":105,"column":4},"end":{"line":109,"column":4}}},"9":{"name":"startVotingSession","line":111,"loc":{"start":{"line":111,"column":4},"end":{"line":115,"column":4}}},"10":{"name":"endVotingSession","line":117,"loc":{"start":{"line":117,"column":4},"end":{"line":121,"column":4}}},"11":{"name":"tallyVotes","line":124,"loc":{"start":{"line":124,"column":3},"end":{"line":136,"column":4}}}},"statementMap":{"1":{"start":{"line":41,"column":8},"end":{"line":41,"column":69}},"2":{"start":{"line":50,"column":8},"end":{"line":50,"column":28}},"3":{"start":{"line":54,"column":8},"end":{"line":54,"column":34}},"4":{"start":{"line":61,"column":8},"end":{"line":61,"column":105}},"5":{"start":{"line":62,"column":8},"end":{"line":62,"column":72}},"6":{"start":{"line":64,"column":8},"end":{"line":64,"column":40}},"7":{"start":{"line":65,"column":8},"end":{"line":65,"column":35}},"8":{"start":{"line":72,"column":8},"end":{"line":72,"column":110}},"9":{"start":{"line":73,"column":8},"end":{"line":73,"column":112}},"10":{"start":{"line":76,"column":8},"end":{"line":76,"column":32}},"11":{"start":{"line":77,"column":8},"end":{"line":77,"column":35}},"12":{"start":{"line":78,"column":8},"end":{"line":78,"column":36}},"13":{"start":{"line":79,"column":8},"end":{"line":79,"column":56}},"14":{"start":{"line":85,"column":8},"end":{"line":85,"column":106}},"15":{"start":{"line":86,"column":8},"end":{"line":86,"column":77}},"16":{"start":{"line":87,"column":8},"end":{"line":87,"column":65}},"17":{"start":{"line":89,"column":8},"end":{"line":89,"column":47}},"18":{"start":{"line":90,"column":8},"end":{"line":90,"column":41}},"19":{"start":{"line":93,"column":8},"end":{"line":93,"column":35}},"20":{"start":{"line":100,"column":8},"end":{"line":100,"column":111}},"21":{"start":{"line":101,"column":8},"end":{"line":101,"column":67}},"22":{"start":{"line":102,"column":8},"end":{"line":102,"column":112}},"23":{"start":{"line":106,"column":8},"end":{"line":106,"column":121}},"24":{"start":{"line":107,"column":8},"end":{"line":107,"column":65}},"25":{"start":{"line":108,"column":8},"end":{"line":108,"column":121}},"26":{"start":{"line":112,"column":8},"end":{"line":112,"column":122}},"27":{"start":{"line":113,"column":8},"end":{"line":113,"column":59}},"28":{"start":{"line":114,"column":8},"end":{"line":114,"column":113}},"29":{"start":{"line":118,"column":8},"end":{"line":118,"column":106}},"30":{"start":{"line":119,"column":8},"end":{"line":119,"column":57}},"31":{"start":{"line":120,"column":8},"end":{"line":120,"column":105}},"32":{"start":{"line":125,"column":7},"end":{"line":125,"column":112}},"33":{"start":{"line":126,"column":7},"end":{"line":126,"column":30}},"34":{"start":{"line":127,"column":8},"end":{"line":127,"column":4695}},"35":{"start":{"line":128,"column":12},"end":{"line":128,"column":4765}},"36":{"start":{"line":129,"column":16},"end":{"line":129,"column":37}},"37":{"start":{"line":132,"column":8},"end":{"line":132,"column":45}},"38":{"start":{"line":134,"column":8},"end":{"line":134,"column":51}},"39":{"start":{"line":135,"column":8},"end":{"line":135,"column":97}}},"branchMap":{"1":{"line":41,"type":"if","locations":[{"start":{"line":41,"column":8},"end":{"line":41,"column":8}},{"start":{"line":41,"column":8},"end":{"line":41,"column":8}}]},"2":{"line":61,"type":"if","locations":[{"start":{"line":61,"column":8},"end":{"line":61,"column":8}},{"start":{"line":61,"column":8},"end":{"line":61,"column":8}}]},"3":{"line":62,"type":"if","locations":[{"start":{"line":62,"column":8},"end":{"line":62,"column":8}},{"start":{"line":62,"column":8},"end":{"line":62,"column":8}}]},"4":{"line":72,"type":"if","locations":[{"start":{"line":72,"column":8},"end":{"line":72,"column":8}},{"start":{"line":72,"column":8},"end":{"line":72,"column":8}}]},"5":{"line":73,"type":"if","locations":[{"start":{"line":73,"column":8},"end":{"line":73,"column":8}},{"start":{"line":73,"column":8},"end":{"line":73,"column":8}}]},"6":{"line":85,"type":"if","locations":[{"start":{"line":85,"column":8},"end":{"line":85,"column":8}},{"start":{"line":85,"column":8},"end":{"line":85,"column":8}}]},"7":{"line":86,"type":"if","locations":[{"start":{"line":86,"column":8},"end":{"line":86,"column":8}},{"start":{"line":86,"column":8},"end":{"line":86,"column":8}}]},"8":{"line":87,"type":"if","locations":[{"start":{"line":87,"column":8},"end":{"line":87,"column":8}},{"start":{"line":87,"column":8},"end":{"line":87,"column":8}}]},"9":{"line":100,"type":"if","locations":[{"start":{"line":100,"column":8},"end":{"line":100,"column":8}},{"start":{"line":100,"column":8},"end":{"line":100,"column":8}}]},"10":{"line":106,"type":"if","locations":[{"start":{"line":106,"column":8},"end":{"line":106,"column":8}},{"start":{"line":106,"column":8},"end":{"line":106,"column":8}}]},"11":{"line":112,"type":"if","locations":[{"start":{"line":112,"column":8},"end":{"line":112,"column":8}},{"start":{"line":112,"column":8},"end":{"line":112,"column":8}}]},"12":{"line":118,"type":"if","locations":[{"start":{"line":118,"column":8},"end":{"line":118,"column":8}},{"start":{"line":118,"column":8},"end":{"line":118,"column":8}}]},"13":{"line":125,"type":"if","locations":[{"start":{"line":125,"column":7},"end":{"line":125,"column":7}},{"start":{"line":125,"column":7},"end":{"line":125,"column":7}}]},"14":{"line":128,"type":"if","locations":[{"start":{"line":128,"column":12},"end":{"line":128,"column":12}},{"start":{"line":128,"column":12},"end":{"line":128,"column":12}}]}}}}
