TN:
SF:/home/vic/Web3/Developpeur-Ethereum-Template/4. Truffle & CI-CD/Projet/contracts/Voting.sol
FN:40,onlyVoters
FN:49,getVoter
FN:53,getOneProposal
FN:60,addVoter
FN:71,addProposal
FN:84,setVote
FN:99,startProposalsRegistering
FN:105,endProposalsRegistering
FN:111,startVotingSession
FN:117,endVotingSession
FN:124,tallyVotes
FNF:11
FNH:11
FNDA:46,onlyVoters
FNDA:1,getVoter
FNDA:1,getOneProposal
FNDA:28,addVoter
FNDA:19,addProposal
FNDA:19,setVote
FNDA:10,startProposalsRegistering
FNDA:6,endProposalsRegistering
FNDA:6,startVotingSession
FNDA:3,endVotingSession
FNDA:4,tallyVotes
DA:41,46
DA:42,40
DA:50,1
DA:54,1
DA:61,28
DA:62,26
DA:64,24
DA:65,24
DA:72,19
DA:73,17
DA:76,15
DA:77,15
DA:78,15
DA:79,15
DA:85,19
DA:86,17
DA:87,15
DA:89,13
DA:90,13
DA:91,13
DA:93,13
DA:100,10
DA:101,10
DA:102,10
DA:106,6
DA:107,6
DA:108,6
DA:112,6
DA:113,6
DA:114,6
DA:118,3
DA:119,3
DA:120,3
DA:125,4
DA:126,2
DA:127,2
DA:128,6
DA:129,0
DA:132,2
DA:134,2
DA:135,2
LF:41
LH:40
BRDA:41,1,0,40
BRDA:41,1,1,6
BRDA:61,2,0,26
BRDA:61,2,1,2
BRDA:62,3,0,24
BRDA:62,3,1,2
BRDA:72,4,0,17
BRDA:72,4,1,2
BRDA:73,5,0,15
BRDA:73,5,1,2
BRDA:85,6,0,17
BRDA:85,6,1,2
BRDA:86,7,0,15
BRDA:86,7,1,2
BRDA:87,8,0,13
BRDA:87,8,1,2
BRDA:100,9,0,10
BRDA:100,9,1,0
BRDA:106,10,0,6
BRDA:106,10,1,0
BRDA:112,11,0,6
BRDA:112,11,1,0
BRDA:118,12,0,3
BRDA:118,12,1,0
BRDA:125,13,0,2
BRDA:125,13,1,2
BRDA:128,14,0,0
BRDA:128,14,1,6
BRF:28
BRH:23
end_of_record
